<?xml version="1.0" encoding="UTF-8"?>
<!-- Generated by org.testng.reporters.JUnitReportReporter -->
<testsuite skipped="0" hostname="DESKTOP-5DIGRH6" name="com.capitalOne.Bank.Base" tests="1" failures="0" timestamp="23 Feb 2019 20:15:45 GMT" time="2.921" errors="0">
  <testcase name="getPlaceAPI" time="2.921" classname="com.capitalOne.Bank.Base"/>
</testsuite> <!-- com.capitalOne.Bank.Base -->
