<?xml version="1.0" encoding="UTF-8"?>
<!-- Generated by org.testng.reporters.JUnitReportReporter -->
<testsuite skipped="0" hostname="DESKTOP-5DIGRH6" name="POM.VerifyLinks" tests="1" failures="0" timestamp="29 Mar 2019 00:57:42 GMT" time="28.461" errors="0">
  <testcase name="BrokenLink" time="28.461" classname="POM.VerifyLinks"/>
</testsuite> <!-- POM.VerifyLinks -->
