<?xml version="1.0" encoding="UTF-8"?>
<!-- Generated by org.testng.reporters.JUnitReportReporter -->
<testsuite skipped="0" hostname="DESKTOP-5DIGRH6" name="Utility.FITS" tests="1" failures="0" timestamp="02 Mar 2019 21:23:43 GMT" time="0.010" errors="0">
  <testcase name="FITS_File" time="0.010" classname="Utility.FITS"/>
</testsuite> <!-- Utility.FITS -->
