<?xml version="1.0" encoding="UTF-8"?>
<!-- Generated by org.testng.reporters.JUnitReportReporter -->
<testsuite skipped="0" hostname="DESKTOP-5DIGRH6" name="Test.Creating_And_Deleting" tests="1" failures="0" timestamp="30 Jul 2019 11:25:51 GMT" time="3.133" errors="0">
  <testcase name="Creating_Deleting_Places" time="3.133" classname="Test.Creating_And_Deleting"/>
</testsuite> <!-- Test.Creating_And_Deleting -->
