<?xml version="1.0" encoding="UTF-8"?>
<!-- Generated by org.testng.reporters.JUnitReportReporter -->
<testsuite skipped="0" hostname="DESKTOP-5DIGRH6" name="javao.javaExtends" tests="1" failures="0" timestamp="07 Apr 2019 22:47:00 GMT" time="0.000" errors="0">
  <testcase name="Javac" time="0.000" classname="javao.javaExtends"/>
</testsuite> <!-- javao.javaExtends -->
