<?xml version="1.0" encoding="UTF-8"?>
<!-- Generated by org.testng.reporters.JUnitReportReporter -->
<testsuite skipped="0" hostname="DESKTOP-5DIGRH6" name="com.capitalOne.Bank.API" tests="1" failures="0" timestamp="23 Feb 2019 21:10:12 GMT" time="2.418" errors="0">
  <testcase name="Weather" time="2.418" classname="com.capitalOne.Bank.API"/>
</testsuite> <!-- com.capitalOne.Bank.API -->
