<?xml version="1.0" encoding="UTF-8"?>
<!-- Generated by org.testng.reporters.JUnitReportReporter -->
<testsuite skipped="0" hostname="DESKTOP-5DIGRH6" name="javao.This_word_Constructor_mainMethod" tests="1" failures="0" timestamp="10 Apr 2019 23:34:54 GMT" time="0.008" errors="0">
  <testcase name="maino" time="0.008" classname="javao.This_word_Constructor_mainMethod"/>
</testsuite> <!-- javao.This_word_Constructor_mainMethod -->
