<?xml version="1.0" encoding="UTF-8"?>
<!-- Generated by org.testng.reporters.JUnitReportReporter -->
<testsuite skipped="0" hostname="DESKTOP-5DIGRH6" name="javao.Switch_St" tests="1" failures="0" timestamp="07 Apr 2019 00:51:08 GMT" time="9.064" errors="0">
  <testcase name="Con" time="9.064" classname="javao.Switch_St"/>
</testsuite> <!-- javao.Switch_St -->
