<?xml version="1.0" encoding="UTF-8"?>
<!-- Generated by org.testng.reporters.JUnitReportReporter -->
<testsuite skipped="0" hostname="DESKTOP-5DIGRH6" name="javao.Loop" tests="1" failures="0" timestamp="06 Apr 2019 23:34:18 GMT" time="0.010" errors="0">
  <testcase name="Looping" time="0.010" classname="javao.Loop"/>
</testsuite> <!-- javao.Loop -->
