<?xml version="1.0" encoding="UTF-8"?>
<!-- Generated by org.testng.reporters.JUnitReportReporter -->
<testsuite skipped="0" hostname="DESKTOP-5DIGRH6" name="com.capitalOne.Bank.basics" tests="1" failures="0" timestamp="03 Feb 2019 16:01:10 GMT" time="3.739" errors="0">
  <testcase name="getPlaceAPI" time="3.739" classname="com.capitalOne.Bank.basics"/>
</testsuite> <!-- com.capitalOne.Bank.basics -->
