<?xml version="1.0" encoding="UTF-8"?>
<!-- Generated by org.testng.reporters.JUnitReportReporter -->
<testsuite skipped="0" hostname="DESKTOP-5DIGRH6" name="javao.TestThis2" tests="1" failures="0" timestamp="07 Apr 2019 01:14:46 GMT" time="0.009" errors="0">
  <testcase name="maino" time="0.009" classname="javao.TestThis2"/>
</testsuite> <!-- javao.TestThis2 -->
