<?xml version="1.0" encoding="UTF-8"?>
<!-- Generated by org.testng.reporters.JUnitReportReporter -->
<testsuite skipped="0" hostname="DESKTOP-5DIGRH6" name="GoogleAPI.Creating_And_Deleting" tests="1" failures="0" timestamp="27 Feb 2019 02:52:18 GMT" time="4.050" errors="0">
  <testcase name="Creating_Deleting_Place" time="4.050" classname="GoogleAPI.Creating_And_Deleting"/>
</testsuite> <!-- GoogleAPI.Creating_And_Deleting -->
