<?xml version="1.0" encoding="UTF-8"?>
<!-- Generated by org.testng.reporters.JUnitReportReporter -->
<testsuite skipped="0" hostname="DESKTOP-5DIGRH6" name="GoogleAPI.Post" tests="1" failures="0" timestamp="24 Feb 2019 02:43:18 GMT" time="3.320" errors="0">
  <testcase name="Creating_Place" time="3.320" classname="GoogleAPI.Post"/>
</testsuite> <!-- GoogleAPI.Post -->
